SET
NOTICE:  table "data_source" does not exist, skipping
DROP TABLE
NOTICE:  table "environment_types" does not exist, skipping
DROP TABLE
NOTICE:  table "environments" does not exist, skipping
DROP TABLE
NOTICE:  table "in_vivo_environments" does not exist, skipping
DROP TABLE
NOTICE:  table "in_silico_environments" does not exist, skipping
DROP TABLE
NOTICE:  table "strains" does not exist, skipping
DROP TABLE
NOTICE:  table "protocols" does not exist, skipping
DROP TABLE
NOTICE:  table "datasets" does not exist, skipping
DROP TABLE
NOTICE:  table "dataset_types" does not exist, skipping
DROP TABLE
NOTICE:  table "array_experiment" does not exist, skipping
DROP TABLE
NOTICE:  table "chip_experiment" does not exist, skipping
DROP TABLE
NOTICE:  table "rna_seq_experiment" does not exist, skipping
DROP TABLE
NOTICE:  table "metabolomics_experiment" does not exist, skipping
DROP TABLE
NOTICE:  table "tss_experiment" does not exist, skipping
DROP TABLE
NOTICE:  table "gcrma_normalization" does not exist, skipping
DROP TABLE
NOTICE:  table "fpkm" does not exist, skipping
DROP TABLE
NOTICE:  CREATE TABLE / PRIMARY KEY will create implicit index "data_source_pkey" for table "data_source"
CREATE TABLE
NOTICE:  CREATE TABLE / PRIMARY KEY will create implicit index "environment_types_pkey" for table "environment_types"
CREATE TABLE
INSERT 0 2
NOTICE:  CREATE TABLE / PRIMARY KEY will create implicit index "environments_pkey" for table "environments"
NOTICE:  CREATE TABLE / UNIQUE will create implicit index "environments_name_key" for table "environments"
CREATE TABLE
NOTICE:  CREATE TABLE / PRIMARY KEY will create implicit index "in_vivo_environments_pkey" for table "in_vivo_environments"
CREATE TABLE
NOTICE:  CREATE TABLE / PRIMARY KEY will create implicit index "in_silico_environments_pkey" for table "in_silico_environments"
CREATE TABLE
NOTICE:  CREATE TABLE / PRIMARY KEY will create implicit index "strains_pkey" for table "strains"
CREATE TABLE
NOTICE:  CREATE TABLE / PRIMARY KEY will create implicit index "protocols_pkey" for table "protocols"
CREATE TABLE
NOTICE:  CREATE TABLE / PRIMARY KEY will create implicit index "dataset_types_pkey" for table "dataset_types"
CREATE TABLE
INSERT 0 10
NOTICE:  CREATE TABLE / PRIMARY KEY will create implicit index "datasets_pkey" for table "datasets"
CREATE TABLE
NOTICE:  CREATE TABLE / PRIMARY KEY will create implicit index "array_experiments_pkey" for table "array_experiments"
ERROR:  there is no unique constraint matching given keys for referenced table "datasets"
NOTICE:  CREATE TABLE / PRIMARY KEY will create implicit index "rna_seq_experiments_pkey" for table "rna_seq_experiments"
ERROR:  relation "experiments" does not exist
NOTICE:  CREATE TABLE / PRIMARY KEY will create implicit index "chip_experiments_pkey" for table "chip_experiments"
ERROR:  relation "experiments" does not exist
NOTICE:  CREATE TABLE / PRIMARY KEY will create implicit index "metabolomics_experiments_pkey" for table "metabolomics_experiments"
ERROR:  relation "experiments" does not exist
NOTICE:  CREATE TABLE / PRIMARY KEY will create implicit index "tss_experiment_pkey" for table "tss_experiment"
ERROR:  relation "experiments" does not exist
NOTICE:  CREATE TABLE / PRIMARY KEY will create implicit index "gcrma_normalization_pkey" for table "gcrma_normalization"
CREATE TABLE
NOTICE:  CREATE TABLE / PRIMARY KEY will create implicit index "fpkm_pkey" for table "fpkm"
CREATE TABLE
